[debug] [2022-01-28T18:16:43.703Z] ----------------------------------------------------------------------
[debug] [2022-01-28T18:16:43.704Z] Command:       /usr/local/bin/node /usr/local/bin/firebase init
[debug] [2022-01-28T18:16:43.704Z] CLI Version:   10.1.2
[debug] [2022-01-28T18:16:43.704Z] Platform:      darwin
[debug] [2022-01-28T18:16:43.704Z] Node Version:  v16.13.2
[debug] [2022-01-28T18:16:43.704Z] Time:          Fri Jan 28 2022 15:16:43 GMT-0300 (Brasilia Standard Time)
[debug] [2022-01-28T18:16:43.705Z] ----------------------------------------------------------------------
[debug] 
[debug] [2022-01-28T18:16:43.707Z] > command requires scopes: ["email","openid","https://www.googleapis.com/auth/cloudplatformprojects.readonly","https://www.googleapis.com/auth/firebase","https://www.googleapis.com/auth/cloud-platform"]
[debug] [2022-01-28T18:16:43.707Z] > authorizing via signed-in user (perola1403@gmail.com)
[info] 
     ######## #### ########  ######## ########     ###     ######  ########
     ##        ##  ##     ## ##       ##     ##  ##   ##  ##       ##
     ######    ##  ########  ######   ########  #########  ######  ######
     ##        ##  ##    ##  ##       ##     ## ##     ##       ## ##
     ##       #### ##     ## ######## ########  ##     ##  ######  ########

You're about to initialize a Firebase project in this directory:

  /Users/Ju/Documents/netflixcone

[info] 
=== Project Setup
[info] 
[info] First, let's associate this project directory with a Firebase project.
[info] You can create multiple project aliases by running firebase use --add, 
[info] but for now we'll just set up a default project.
[info] 
[debug] [2022-01-28T18:16:54.603Z] >>> [apiv2][query] GET https://firebase.googleapis.com/v1beta1/projects pageSize=100
[debug] [2022-01-28T18:16:55.191Z] <<< [apiv2][status] GET https://firebase.googleapis.com/v1beta1/projects 200
[debug] [2022-01-28T18:16:55.191Z] <<< [apiv2][body] GET https://firebase.googleapis.com/v1beta1/projects [omitted]
[info] i  Using project react-netflix-clone-bdc22 (react-netflix-clone) 
[info] 
=== Hosting Setup
[info] 
[info] Your public directory is the folder (relative to your project directory) that
[info] will contain Hosting assets to be uploaded with firebase deploy. If you
[info] have a build process for your assets, use your build's output directory.
[info] 
[info] ✔  Wrote public/404.html 
[debug] [2022-01-28T18:17:11.555Z] >>> [apiv2][query] GET https://www.gstatic.com/firebasejs/releases.json [none]
[debug] [2022-01-28T18:17:11.693Z] <<< [apiv2][status] GET https://www.gstatic.com/firebasejs/releases.json 200
[debug] [2022-01-28T18:17:11.693Z] <<< [apiv2][body] GET https://www.gstatic.com/firebasejs/releases.json {"current":{"version":"9.6.5","browserURL":"https://www.gstatic.com/firebasejs/9.6.5/firebase.js","packageURL":"https://www.gstatic.com/firebasejs/9.6.5/firebase.tgz"},"live":{"version":"9.6","browserURL":"https://www.gstatic.com/firebasejs/live/9.6/firebase.js","packageURL":"https://www.gstatic.com/firebasejs/live/9.6/firebase.tgz"},"components":{"analytics":"https://www.gstatic.com/firebasejs/9.6.5/firebase-analytics.js","app":"https://www.gstatic.com/firebasejs/9.6.5/firebase-app.js","app-check":"https://www.gstatic.com/firebasejs/9.6.5/firebase-app-check.js","auth":"https://www.gstatic.com/firebasejs/9.6.5/firebase-auth.js","auth/cordova":"https://www.gstatic.com/firebasejs/9.6.5/firebase-auth/cordova.js","auth/react-native":"https://www.gstatic.com/firebasejs/9.6.5/firebase-auth/react-native.js","functions":"https://www.gstatic.com/firebasejs/9.6.5/firebase-functions.js","firestore":"https://www.gstatic.com/firebasejs/9.6.5/firebase-firestore.js","firestore/lite":"https://www.gstatic.com/firebasejs/9.6.5/firebase-firestore/lite.js","storage":"https://www.gstatic.com/firebasejs/9.6.5/firebase-storage.js","performance":"https://www.gstatic.com/firebasejs/9.6.5/firebase-performance.js","remote-config":"https://www.gstatic.com/firebasejs/9.6.5/firebase-remote-config.js","messaging":"https://www.gstatic.com/firebasejs/9.6.5/firebase-messaging.js","messaging/sw":"https://www.gstatic.com/firebasejs/9.6.5/firebase-messaging/sw.js","database":"https://www.gstatic.com/firebasejs/9.6.5/firebase-database.js","firestore.memory":"https://www.gstatic.com/firebasejs/9.6.5/firebase-firestore.memory.js"}}
[info] i  Skipping write of public/index.html 
[info] 
[info] i  Detected a .git folder at /Users/Ju/Documents/netflixcone 
[info] i  Authorizing with GitHub to upload your service account to a GitHub repository's secrets store. 
[info] 
[info] Visit this URL on this device to log in:
[info] https://github.com/login/oauth/authorize?client_id=89cf50f02ac6aaed3484&state=711646762&redirect_uri=http%3A%2F%2Flocalhost%3A9005&scope=read%3Auser%20repo%20public_repo
[info] 
[info] Waiting for authentication...
